Flow report for lab6
Wed Nov 30 12:03:14 2016
Quartus II 32-bit Version 13.0.1 Build 232 06/12/2013 Service Pack 1 SJ Full Version


---------------------
; Table of Contents ;
---------------------
  1. Legal Notice
  2. Flow Summary
  3. Flow Settings
  4. Flow Non-Default Global Settings
  5. Flow Elapsed Time
  6. Flow OS Summary
  7. Flow Log
  8. Flow Messages
  9. Flow Suppressed Messages



----------------
; Legal Notice ;
----------------
Copyright (C) 1991-2013 Altera Corporation
Your use of Altera Corporation's design tools, logic functions 
and other software and tools, and its AMPP partner logic 
functions, and any output files from any of the foregoing 
(including device programming or simulation files), and any 
associated documentation or information are expressly subject 
to the terms and conditions of the Altera Program License 
Subscription Agreement, Altera MegaCore Function License 
Agreement, or other applicable license agreement, including, 
without limitation, that your use is for the sole purpose of 
programming logic devices manufactured by Altera and sold by 
Altera or its authorized distributors.  Please refer to the 
applicable agreement for further details.



+---------------------------------------------------------------------------------------+
; Flow Summary                                                                          ;
+------------------------------------+--------------------------------------------------+
; Flow Status                        ; Successful - Wed Nov 30 12:03:14 2016            ;
; Quartus II 32-bit Version          ; 13.0.1 Build 232 06/12/2013 SP 1 SJ Full Version ;
; Revision Name                      ; lab6                                             ;
; Top-level Entity Name              ; intelcoreiBOSS                                   ;
; Family                             ; Cyclone II                                       ;
; Device                             ; EP2C35F672C6                                     ;
; Timing Models                      ; Final                                            ;
; Total logic elements               ; 90 / 33,216 ( < 1 % )                            ;
;     Total combinational functions  ; 90 / 33,216 ( < 1 % )                            ;
;     Dedicated logic registers      ; 28 / 33,216 ( < 1 % )                            ;
; Total registers                    ; 28                                               ;
; Total pins                         ; 56 / 475 ( 12 % )                                ;
; Total virtual pins                 ; 0                                                ;
; Total memory bits                  ; 0 / 483,840 ( 0 % )                              ;
; Embedded Multiplier 9-bit elements ; 0 / 70 ( 0 % )                                   ;
; Total PLLs                         ; 0 / 4 ( 0 % )                                    ;
+------------------------------------+--------------------------------------------------+


+-----------------------------------------+
; Flow Settings                           ;
+-------------------+---------------------+
; Option            ; Setting             ;
+-------------------+---------------------+
; Start date & time ; 11/30/2016 11:58:53 ;
; Main task         ; Compilation         ;
; Revision Name     ; lab6                ;
+-------------------+---------------------+


+------------------------------------------------------------------------------------------------------------------------+
; Flow Non-Default Global Settings                                                                                       ;
+-------------------------------------+--------------------------------+---------------+----------------+----------------+
; Assignment Name                     ; Value                          ; Default Value ; Entity Name    ; Section Id     ;
+-------------------------------------+--------------------------------+---------------+----------------+----------------+
; COMPILER_SIGNATURE_ID               ; 26403105018758.148052513307714 ; --            ; --             ; --             ;
; EDA_GENERATE_FUNCTIONAL_NETLIST     ; On                             ; --            ; --             ; eda_simulation ;
; EDA_OUTPUT_DATA_FORMAT              ; Verilog Hdl                    ; --            ; --             ; eda_simulation ;
; EDA_SIMULATION_TOOL                 ; ModelSim-Altera (Verilog)      ; <None>        ; --             ; --             ;
; MAX_CORE_JUNCTION_TEMP              ; 85                             ; --            ; --             ; --             ;
; MIN_CORE_JUNCTION_TEMP              ; 0                              ; --            ; --             ; --             ;
; PARTITION_COLOR                     ; 16764057                       ; --            ; intelcoreiBOSS ; Top            ;
; PARTITION_FITTER_PRESERVATION_LEVEL ; PLACEMENT_AND_ROUTING          ; --            ; intelcoreiBOSS ; Top            ;
; PARTITION_NETLIST_TYPE              ; SOURCE                         ; --            ; intelcoreiBOSS ; Top            ;
; PROJECT_OUTPUT_DIRECTORY            ; output_files                   ; --            ; --             ; --             ;
; TOP_LEVEL_ENTITY                    ; intelcoreiBOSS                 ; lab6          ; --             ; --             ;
+-------------------------------------+--------------------------------+---------------+----------------+----------------+


+-------------------------------------------------------------------------------------------------------------------------------+
; Flow Elapsed Time                                                                                                             ;
+---------------------------+--------------+-------------------------+---------------------+------------------------------------+
; Module Name               ; Elapsed Time ; Average Processors Used ; Peak Virtual Memory ; Total CPU Time (on all processors) ;
+---------------------------+--------------+-------------------------+---------------------+------------------------------------+
; Analysis & Synthesis      ; 00:00:03     ; 1.0                     ; 359 MB              ; 00:00:02                           ;
; Fitter                    ; 00:00:07     ; 1.5                     ; 537 MB              ; 00:00:09                           ;
; Assembler                 ; 00:00:03     ; 1.0                     ; 342 MB              ; 00:00:02                           ;
; TimeQuest Timing Analyzer ; 00:00:02     ; 1.0                     ; 332 MB              ; 00:00:01                           ;
; EDA Netlist Writer        ; 00:00:00     ; 1.0                     ; 313 MB              ; 00:00:01                           ;
; TimeQuest Timing Analyzer ; 00:00:02     ; 1.0                     ; 326 MB              ; 00:00:01                           ;
; EDA Netlist Writer        ; 00:00:01     ; 1.0                     ; 318 MB              ; 00:00:01                           ;
; EDA Netlist Writer        ; 00:00:01     ; 1.0                     ; 318 MB              ; 00:00:01                           ;
; Total                     ; 00:00:19     ; --                      ; --                  ; 00:00:18                           ;
+---------------------------+--------------+-------------------------+---------------------+------------------------------------+


+-----------------------------------------------------------------------------------------------------+
; Flow OS Summary                                                                                     ;
+---------------------------+------------------------+------------------+------------+----------------+
; Module Name               ; Machine Hostname       ; OS Name          ; OS Version ; Processor type ;
+---------------------------+------------------------+------------------+------------+----------------+
; Analysis & Synthesis      ; grunthos.ee.ryerson.ca ; Scientific Linux ; 6          ; x86_64         ;
; Fitter                    ; grunthos.ee.ryerson.ca ; Scientific Linux ; 6          ; x86_64         ;
; Assembler                 ; grunthos.ee.ryerson.ca ; Scientific Linux ; 6          ; x86_64         ;
; TimeQuest Timing Analyzer ; grunthos.ee.ryerson.ca ; Scientific Linux ; 6          ; x86_64         ;
; EDA Netlist Writer        ; grunthos.ee.ryerson.ca ; Scientific Linux ; 6          ; x86_64         ;
; TimeQuest Timing Analyzer ; grunthos.ee.ryerson.ca ; Scientific Linux ; 6          ; x86_64         ;
; EDA Netlist Writer        ; grunthos.ee.ryerson.ca ; Scientific Linux ; 6          ; x86_64         ;
; EDA Netlist Writer        ; grunthos.ee.ryerson.ca ; Scientific Linux ; 6          ; x86_64         ;
+---------------------------+------------------------+------------------+------------+----------------+


------------
; Flow Log ;
------------
quartus_map --read_settings_files=on --write_settings_files=off lab6 -c lab6
quartus_fit --read_settings_files=off --write_settings_files=off lab6 -c lab6
quartus_asm --read_settings_files=off --write_settings_files=off lab6 -c lab6
quartus_sta lab6 -c lab6
quartus_eda --read_settings_files=off --write_settings_files=off lab6 -c lab6
quartus_sta lab6 -c lab6
quartus_eda --gen_testbench --check_outputs=on --tool=modelsim_oem --format=verilog lab6 -c lab6 --vector_source=/home/student2/s33kassa/coe328/lab6/Waveform2.vwf --testbench_file=./simulation/qsim/lab6.vt
quartus_eda --functional=on --simulation=on --tool=modelsim_oem --format=verilog lab6 -c lab6



